#
# A fatal error has been detected by the Java Runtime Environment:
#
#  EXCEPTION_ACCESS_VIOLATION (0xc0000005) at pc=0x000000006eec4b9b, pid=2864, tid=3904
#
# JRE version: Java(TM) SE Runtime Environment (7.0_80-b15) (build 1.7.0_80-b15)
# Java VM: Java HotSpot(TM) 64-Bit Server VM (24.80-b11 mixed mode windows-amd64 compressed oops)
# Problematic frame:
# V  [jvm.dll+0x144b9b]
#
# Failed to write core dump. Minidumps are not enabled by default on client versions of Windows
#
# If you would like to submit a bug report, please visit:
#   http://bugreport.java.com/bugreport/crash.jsp
#

---------------  T H R E A D  ---------------

Current thread (0x0000000010da7800):  JavaThread "JDWP Transport Listener: dt_socket" daemon [_thread_in_vm, id=3904, stack(0x0000000012770000,0x0000000012870000)]

siginfo: ExceptionCode=0xc0000005, reading address 0x0000000000000130

Registers:
RAX=0x000000001286f301, RBX=0x0000000010da7800, RCX=0x0000000000000130, RDX=0x0000000000000000
RSP=0x000000001286f360, RBP=0x0000000000000130, RSI=0x000000001286f478, RDI=0x000000000248b730
R8 =0x0000000010da7800, R9 =0x0000000000000700, R10=0x0000000000000000, R11=0x004126ca00120035
R12=0x0000000000000000, R13=0x00000000024b6178, R14=0x0000000000000000, R15=0x0000000000000000
RIP=0x000000006eec4b9b, EFLAGS=0x0000000000010206

Top of Stack: (sp=0x000000001286f360)
0x000000001286f360:   0000000010da7800 0000000013bad6d0
0x000000001286f370:   000000001286f428 000000006f0677d9
0x000000001286f380:   0000000010da7800 000000006f085382
0x000000001286f390:   0000000000000000 000000006d2e8e8d
0x000000001286f3a0:   00000000131a51f0 000000006d2f2666
0x000000001286f3b0:   0000000010da7800 0000000000000000
0x000000001286f3c0:   0000000000000000 0000000000000000
0x000000001286f3d0:   0000000000000130 000000006d2f175d
0x000000001286f3e0:   000000001286f478 000000001286f450
0x000000001286f3f0:   0000000000000001 00000000131a51f0
0x000000001286f400:   0000000000000130 000000006d2d53b3
0x000000001286f410:   000000001286f540 0000000000000001
0x000000001286f420:   0000000000000001 00000000131a51f0
0x000000001286f430:   0000000000000008 0000000000000000
0x000000001286f440:   0000000000000000 0000000000000000
0x000000001286f450:   0000000000000001 000000006d2d5571 

Instructions: (pc=0x000000006eec4b9b)
0x000000006eec4b7b:   48 8b 5c 24 30 48 89 47 18 48 83 c4 20 5f c3 cc
0x000000006eec4b8b:   cc cc cc cc cc 40 53 48 83 ec 20 48 85 c9 74 54
0x000000006eec4b9b:   48 8b 19 48 85 db 74 4c 48 b8 fe fe fe fe fe fe
0x000000006eec4bab:   fe fe 48 3b d8 74 3d 80 3d 57 56 61 00 00 74 15 


Register to memory mapping:

RAX=0x000000001286f301 is pointing into the stack for thread: 0x0000000010da7800
RBX=0x0000000010da7800 is a thread
RCX=0x0000000000000130 is an unknown value
RDX=0x0000000000000000 is an unknown value
RSP=0x000000001286f360 is pointing into the stack for thread: 0x0000000010da7800
RBP=0x0000000000000130 is an unknown value
RSI=0x000000001286f478 is pointing into the stack for thread: 0x0000000010da7800
RDI=0x000000000248b730 is an unknown value
R8 =0x0000000010da7800 is a thread
R9 =0x0000000000000700 is an unknown value
R10=0x0000000000000000 is an unknown value
R11=0x004126ca00120035 is an unknown value
R12=0x0000000000000000 is an unknown value
R13=0x00000000024b6178 is an unknown value
R14=0x0000000000000000 is an unknown value
R15=0x0000000000000000 is an unknown value


Stack: [0x0000000012770000,0x0000000012870000],  sp=0x000000001286f360,  free space=1020k
Native frames: (J=compiled Java code, j=interpreted, Vv=VM code, C=native code)
V  [jvm.dll+0x144b9b]

[error occurred during error reporting (printing native stack), id 0xc0000005]


---------------  P R O C E S S  ---------------

Java Threads: ( => current thread )
  0x0000000012ed4800 JavaThread "Service Thread" daemon [_thread_blocked, id=6776, stack(0x0000000013520000,0x0000000013620000)]
  0x0000000012ed1800 JavaThread "C2 CompilerThread1" daemon [_thread_blocked, id=3556, stack(0x0000000013340000,0x0000000013440000)]
  0x0000000012ea5000 JavaThread "C2 CompilerThread0" daemon [_thread_blocked, id=2900, stack(0x0000000012920000,0x0000000012a20000)]
  0x0000000010dba000 JavaThread "JDWP Command Reader" daemon [_thread_in_native, id=7752, stack(0x0000000012a30000,0x0000000012b30000)]
  0x0000000010db7000 JavaThread "JDWP Event Helper Thread" daemon [_thread_blocked, id=7872, stack(0x00000000125f0000,0x00000000126f0000)]
=>0x0000000010da7800 JavaThread "JDWP Transport Listener: dt_socket" daemon [_thread_in_vm, id=3904, stack(0x0000000012770000,0x0000000012870000)]
  0x0000000010d9d800 JavaThread "Attach Listener" daemon [_thread_blocked, id=8988, stack(0x00000000124d0000,0x00000000125d0000)]
  0x0000000010d92000 JavaThread "Signal Dispatcher" daemon [_thread_blocked, id=7996, stack(0x00000000122c0000,0x00000000123c0000)]
  0x000000000fcd8800 JavaThread "Finalizer" daemon [_thread_blocked, id=7560, stack(0x0000000012050000,0x0000000012150000)]
  0x000000000fcd2000 JavaThread "Reference Handler" daemon [_thread_blocked, id=8180, stack(0x0000000011d50000,0x0000000011e50000)]
  0x000000000248a000 JavaThread "main" [_thread_blocked, id=8764, stack(0x0000000002710000,0x0000000002810000)]

Other Threads:
  0x000000000fccd000 VMThread [stack: 0x0000000011e70000,0x0000000011f70000] [id=9104]
  0x0000000012eff000 WatcherThread [stack: 0x00000000137a0000,0x00000000138a0000] [id=8080]

VM state:not at safepoint (normal execution)

VM Mutex/Monitor currently owned by a thread: None

Heap
 PSYoungGen      total 76800K, used 26023K [0x00000007aae00000, 0x00000007b4400000, 0x0000000800000000)
  eden space 66048K, 27% used [0x00000007aae00000,0x00000007abfc3878,0x00000007aee80000)
  from space 10752K, 72% used [0x00000007aee80000,0x00000007af6263f0,0x00000007af900000)
  to   space 10752K, 0% used [0x00000007b3980000,0x00000007b3980000,0x00000007b4400000)
 ParOldGen       total 174080K, used 8K [0x0000000700a00000, 0x000000070b400000, 0x00000007aae00000)
  object space 174080K, 0% used [0x0000000700a00000,0x0000000700a02000,0x000000070b400000)
 PSPermGen       total 21504K, used 12696K [0x00000006fb800000, 0x00000006fcd00000, 0x0000000700a00000)
  object space 21504K, 59% used [0x00000006fb800000,0x00000006fc4661f0,0x00000006fcd00000)

Card table byte_map: [0x0000000005810000,0x0000000006040000] byte_map_base: 0x0000000002034000

Polling page: 0x0000000000140000

Code Cache  [0x0000000002810000, 0x0000000002a80000, 0x0000000005810000)
 total_blobs=434 nmethods=136 adapters=258 free_code_cache=48242Kb largest_free_block=49353664

Compilation events (10 events):
Event: 0.969 Thread 0x0000000012ea5000 nmethod 132 0x00000000028eb210 code [0x00000000028eb340, 0x00000000028eb3b8]
Event: 0.969 Thread 0x0000000012ea5000  133             java.util.Collections$EmptySet::contains (2 bytes)
Event: 0.969 Thread 0x0000000012ea5000 nmethod 133 0x00000000028eb010 code [0x00000000028eb140, 0x00000000028eb198]
Event: 0.969 Thread 0x0000000012ea5000  134             org.apache.xmlbeans.QNameSetBuilder::removeAllMatchingFirstOnly (62 bytes)
Event: 0.969 Thread 0x0000000012ed1800 nmethod 131 0x00000000028f0890 code [0x00000000028f09e0, 0x00000000028f0bb8]
Event: 0.972 Thread 0x0000000012ea5000 nmethod 134 0x00000000028efc10 code [0x00000000028efda0, 0x00000000028f0248]
Event: 2.199 Thread 0x0000000012ed1800  135 %           org.apache.xmlbeans.impl.common.XMLChar::<clinit> @ 4333 (4917 bytes)
Event: 2.203 Thread 0x0000000012ed1800 nmethod 135% 0x00000000028f1950 code [0x00000000028f1ae0, 0x00000000028f2158]
Event: 2.203 Thread 0x0000000012ea5000  136 %           org.apache.xmlbeans.impl.common.XMLChar::<clinit> @ 4333 (4917 bytes)
Event: 2.275 Thread 0x0000000012ea5000 nmethod 136% 0x00000000028f9390 code [0x00000000028f95c0, 0x00000000028fcf38]

GC Heap History (2 events):
Event: 0.830 GC heap before
{Heap before GC invocations=1 (full 0):
 PSYoungGen      total 76800K, used 66048K [0x00000007aae00000, 0x00000007b0380000, 0x0000000800000000)
  eden space 66048K, 100% used [0x00000007aae00000,0x00000007aee80000,0x00000007aee80000)
  from space 10752K, 0% used [0x00000007af900000,0x00000007af900000,0x00000007b0380000)
  to   space 10752K, 0% used [0x00000007aee80000,0x00000007aee80000,0x00000007af900000)
 ParOldGen       total 174080K, used 0K [0x0000000700a00000, 0x000000070b400000, 0x00000007aae00000)
  object space 174080K, 0% used [0x0000000700a00000,0x0000000700a00000,0x000000070b400000)
 PSPermGen       total 21504K, used 11362K [0x00000006fb800000, 0x00000006fcd00000, 0x0000000700a00000)
  object space 21504K, 52% used [0x00000006fb800000,0x00000006fc318a38,0x00000006fcd00000)
Event: 0.845 GC heap after
Heap after GC invocations=1 (full 0):
 PSYoungGen      total 76800K, used 7832K [0x00000007aae00000, 0x00000007b4400000, 0x0000000800000000)
  eden space 66048K, 0% used [0x00000007aae00000,0x00000007aae00000,0x00000007aee80000)
  from space 10752K, 72% used [0x00000007aee80000,0x00000007af6263f0,0x00000007af900000)
  to   space 10752K, 0% used [0x00000007b3980000,0x00000007b3980000,0x00000007b4400000)
 ParOldGen       total 174080K, used 8K [0x0000000700a00000, 0x000000070b400000, 0x00000007aae00000)
  object space 174080K, 0% used [0x0000000700a00000,0x0000000700a02000,0x000000070b400000)
 PSPermGen       total 21504K, used 11362K [0x00000006fb800000, 0x00000006fcd00000, 0x0000000700a00000)
  object space 21504K, 52% used [0x00000006fb800000,0x00000006fc318a38,0x00000006fcd00000)
}

Deoptimization events (10 events):
Event: 0.790 Thread 0x000000000248a000 Uncommon trap: reason=unstable_if action=reinterpret pc=0x00000000028dd684 method=java.net.URL.<init>(Ljava/net/URL;Ljava/lang/String;Ljava/net/URLStreamHandler;)V @ 233
Event: 0.946 Thread 0x000000000248a000 Uncommon trap: reason=unstable_if action=reinterpret pc=0x00000000028cbac4 method=java.lang.String.startsWith(Ljava/lang/String;I)Z @ 25
Event: 0.946 Thread 0x000000000248a000 Uncommon trap: reason=unstable_if action=reinterpret pc=0x000000000287a660 method=java.lang.String.startsWith(Ljava/lang/String;I)Z @ 25
Event: 0.961 Thread 0x000000000248a000 Uncommon trap: reason=unstable_if action=reinterpret pc=0x0000000002897360 method=java.util.HashMap.getEntry(Ljava/lang/Object;)Ljava/util/HashMap$Entry; @ 10
Event: 2.189 Thread 0x000000000248a000 Uncommon trap: reason=unstable_if action=reinterpret pc=0x00000000028c406c method=java.lang.AbstractStringBuilder.append(Ljava/lang/String;)Ljava/lang/AbstractStringBuilder; @ 1
Event: 2.192 Thread 0x000000000248a000 Uncommon trap: reason=class_check action=maybe_recompile pc=0x00000000028e0d64 method=java.util.HashMap.put(Ljava/lang/Object;Ljava/lang/Object;)Ljava/lang/Object; @ 105
Event: 2.192 Thread 0x000000000248a000 Uncommon trap: reason=class_check action=maybe_recompile pc=0x00000000028e0d64 method=java.util.HashMap.put(Ljava/lang/Object;Ljava/lang/Object;)Ljava/lang/Object; @ 105
Event: 2.192 Thread 0x000000000248a000 Uncommon trap: reason=class_check action=maybe_recompile pc=0x00000000028e0d64 method=java.util.HashMap.put(Ljava/lang/Object;Ljava/lang/Object;)Ljava/lang/Object; @ 105
Event: 2.192 Thread 0x000000000248a000 Uncommon trap: reason=class_check action=maybe_recompile pc=0x00000000028e0d64 method=java.util.HashMap.put(Ljava/lang/Object;Ljava/lang/Object;)Ljava/lang/Object; @ 105
Event: 2.203 Thread 0x000000000248a000 Uncommon trap: reason=unstable_if action=reinterpret pc=0x00000000028f1ed4 method=org.apache.xmlbeans.impl.common.XMLChar.<clinit>()V @ 4341

Internal exceptions (10 events):
Event: 0.970 Thread 0x000000000248a000 Threw 0x00000007abd401e0 at C:\re\jdk7u80\2329\hotspot\src\share\vm\prims\jvm.cpp:1319
Event: 2.189 Thread 0x000000000248a000 Implicit null exception at 0x00000000028c3bd9 to 0x00000000028c4051
Event: 2.193 Thread 0x000000000248a000 Threw 0x00000007abd54768 at C:\re\jdk7u80\2329\hotspot\src\share\vm\prims\jvm.cpp:1319
Event: 2.223 Thread 0x000000000248a000 Threw 0x00000007abd9cf98 at C:\re\jdk7u80\2329\hotspot\src\share\vm\prims\jvm.cpp:1319
Event: 2.223 Thread 0x000000000248a000 Threw 0x00000007abdac738 at C:\re\jdk7u80\2329\hotspot\src\share\vm\prims\jvm.cpp:1319
Event: 2.224 Thread 0x000000000248a000 Threw 0x00000007abdc0340 at C:\re\jdk7u80\2329\hotspot\src\share\vm\prims\jvm.cpp:1319
Event: 2.224 Thread 0x000000000248a000 Threw 0x00000007abdd6fe8 at C:\re\jdk7u80\2329\hotspot\src\share\vm\prims\jvm.cpp:1319
Event: 2.225 Thread 0x000000000248a000 Threw 0x00000007abdecef0 at C:\re\jdk7u80\2329\hotspot\src\share\vm\prims\jvm.cpp:1319
Event: 2.226 Thread 0x000000000248a000 Threw 0x00000007abe03878 at C:\re\jdk7u80\2329\hotspot\src\share\vm\prims\jvm.cpp:1319
Event: 2.227 Thread 0x000000000248a000 Threw 0x00000007abe16b18 at C:\re\jdk7u80\2329\hotspot\src\share\vm\prims\jvm.cpp:1319

Events (10 events):
Event: 1642.732 Executing VM operation: GetOrSetLocal
Event: 1642.732 Executing VM operation: GetOrSetLocal done
Event: 1642.732 Executing VM operation: GetOrSetLocal
Event: 1642.732 Executing VM operation: GetOrSetLocal done
Event: 1642.733 Executing VM operation: GetOrSetLocal
Event: 1642.733 Executing VM operation: GetOrSetLocal done
Event: 1768.408 Executing VM operation: ChangeBreakpoints
Event: 1768.408 Executing VM operation: ChangeBreakpoints done
Event: 1768.410 Executing VM operation: RedefineClasses
Event: 1768.411 Executing VM operation: RedefineClasses done


Dynamic libraries:
0x000000013fb10000 - 0x000000013fb43000 	C:\Program Files\Java\jdk1.7.0_80\bin\java.exe
0x0000000077820000 - 0x00000000779c9000 	C:\Windows\SYSTEM32\ntdll.dll
0x0000000077600000 - 0x000000007771f000 	C:\Windows\system32\kernel32.dll
0x000007fefd6e0000 - 0x000007fefd74c000 	C:\Windows\system32\KERNELBASE.dll
0x000007fefe4e0000 - 0x000007fefe5bb000 	C:\Windows\system32\ADVAPI32.dll
0x000007fefda30000 - 0x000007fefdacf000 	C:\Windows\system32\msvcrt.dll
0x000007feffa90000 - 0x000007feffaaf000 	C:\Windows\SYSTEM32\sechost.dll
0x000007fefdfa0000 - 0x000007fefe0cd000 	C:\Windows\system32\RPCRT4.dll
0x0000000077720000 - 0x000000007781a000 	C:\Windows\system32\USER32.dll
0x000007fefe470000 - 0x000007fefe4d7000 	C:\Windows\system32\GDI32.dll
0x000007fefe0d0000 - 0x000007fefe0de000 	C:\Windows\system32\LPK.dll
0x000007feff770000 - 0x000007feff839000 	C:\Windows\system32\USP10.dll
0x000007fefbcb0000 - 0x000007fefbea4000 	C:\Windows\WinSxS\amd64_microsoft.windows.common-controls_6595b64144ccf1df_6.0.7601.18837_none_fa3b1e3d17594757\COMCTL32.dll
0x000007feffab0000 - 0x000007feffb21000 	C:\Windows\system32\SHLWAPI.dll
0x000007fefda00000 - 0x000007fefda2e000 	C:\Windows\system32\IMM32.DLL
0x000007fefe880000 - 0x000007fefe989000 	C:\Windows\system32\MSCTF.dll
0x00000000790a0000 - 0x0000000079172000 	C:\Program Files\Java\jdk1.7.0_80\jre\bin\msvcr100.dll
0x000000006ed80000 - 0x000000006f559000 	C:\Program Files\Java\jdk1.7.0_80\jre\bin\server\jvm.dll
0x000007fef4620000 - 0x000007fef4629000 	C:\Windows\system32\WSOCK32.dll
0x000007feff720000 - 0x000007feff76d000 	C:\Windows\system32\WS2_32.dll
0x000007feff840000 - 0x000007feff848000 	C:\Windows\system32\NSI.dll
0x000007fefabd0000 - 0x000007fefac0b000 	C:\Windows\system32\WINMM.dll
0x00000000779f0000 - 0x00000000779f7000 	C:\Windows\system32\PSAPI.DLL
0x000000006e470000 - 0x000000006e47f000 	C:\Program Files\Java\jdk1.7.0_80\jre\bin\verify.dll
0x000000006d5a0000 - 0x000000006d5c8000 	C:\Program Files\Java\jdk1.7.0_80\jre\bin\java.dll
0x000000006d2d0000 - 0x000000006d305000 	C:\Program Files\Java\jdk1.7.0_80\jre\bin\jdwp.dll
0x000000006db60000 - 0x000000006db68000 	C:\Program Files\Java\jdk1.7.0_80\jre\bin\npt.dll
0x000000006c7b0000 - 0x000000006c7d3000 	C:\Program Files\Java\jdk1.7.0_80\jre\bin\instrument.dll
0x000000006e6f0000 - 0x000000006e706000 	C:\Program Files\Java\jdk1.7.0_80\jre\bin\zip.dll
0x000000006c830000 - 0x000000006c839000 	C:\Program Files\Java\jdk1.7.0_80\jre\bin\dt_socket.dll
0x000007fefcec0000 - 0x000007fefcf15000 	C:\Windows\system32\mswsock.dll
0x000007fefc570000 - 0x000007fefc577000 	C:\Windows\System32\wshtcpip.dll
0x000000006e440000 - 0x000000006e45a000 	C:\Program Files\Java\jdk1.7.0_80\jre\bin\net.dll
0x000007fefceb0000 - 0x000007fefceb7000 	C:\Windows\System32\wship6.dll
0x000000006dad0000 - 0x000000006dae1000 	C:\Program Files\Java\jdk1.7.0_80\jre\bin\nio.dll
0x000007fef5ad0000 - 0x000007fef5bf5000 	C:\Windows\system32\dbghelp.dll

VM Arguments:
jvm_args: -agentlib:jdwp=transport=dt_socket,address=127.0.0.1:51527,suspend=y,server=n -ea -Didea.test.cyclic.buffer.size=1048576 -javaagent:D:\Dev\idea\20170302\lib\rt\debugger-agent.jar=C:\Users\Administrator\AppData\Local\Temp\capture1270.props -Dfile.encoding=UTF-8 
java_command: com.intellij.rt.execution.junit.JUnitStarter -ideVersion5 -junit4 com.ryx.springboot.appinterface.TestPOI,testReadObj
Launcher Type: SUN_STANDARD

Environment Variables:
JAVA_HOME=C:\Program Files\Java\jdk1.7.0_80
CLASSPATH=.;C:\Program Files\Java\jdk1.7.0_80\lib;C:\Program Files\Java\jdk1.7.0_80\lib\tools.jar
PATH=C:\Windows\system32;C:\Windows;C:\Windows\System32\Wbem;C:\Windows\System32\WindowsPowerShell\v1.0\;C:\Program Files\Java\jdk1.7.0_80\bin;C:\Program Files\Java\jdk1.7.0_80\jre\bin;C:\Program Files (x86)\NVIDIA Corporation\PhysX\Common;D:\maven\apache-maven-3.0.5\bin;D:\Program Files\nmap-7.60;D:\Program Files\TortoiseGit\bin;D:\Program Files\spring-1.3.0.RELEASE\bin;D:\Program Files\nodejs\;D:\Program Files\nodejs\node_global;E:\phpnegix\php-5.6.33;E:\phpnegix\nginx-1.12.2;d:\Program Files\Git\cmd;D:\Program Files\Redis\;C:\Users\Administrator\AppData\Roaming\npm
USERNAME=Administrator
OS=Windows_NT
PROCESSOR_IDENTIFIER=Intel64 Family 6 Model 158 Stepping 9, GenuineIntel



---------------  S Y S T E M  ---------------

OS: Windows 7 , 64 bit Build 7601 Service Pack 1

CPU:total 8 (4 cores per cpu, 2 threads per core) family 6 model 158 stepping 9, cmov, cx8, fxsr, mmx, sse, sse2, sse3, ssse3, sse4.1, sse4.2, popcnt, avx, avx2, aes, erms, ht, tsc, tscinvbit

Memory: 4k page, physical 16734132k(9283772k free), swap 33466424k(22793720k free)

vm_info: Java HotSpot(TM) 64-Bit Server VM (24.80-b11) for windows-amd64 JRE (1.7.0_80-b15), built on Apr 10 2015 11:26:34 by "java_re" with unknown MS VC++:1600

time: Mon Jan 29 16:07:27 2018
elapsed time: 1768 seconds

